{"/Users/alvaro/Developer/gmail_extension_draft/src/utils/gmail.js": {"path":"/Users/alvaro/Developer/gmail_extension_draft/src/utils/gmail.js","statementMap":{"0":{"start":{"line":12,"column":25},"end":{"line":12,"column":81}},"1":{"start":{"line":18,"column":2},"end":{"line":18,"column":24}}},"fnMap":{"0":{"name":"getComposeWindows","decl":{"start":{"line":7,"column":16},"end":{"line":7,"column":33}},"loc":{"start":{"line":7,"column":36},"end":{"line":19,"column":1}},"line":7}},"branchMap":{},"s":{"0":7,"1":7},"f":{"0":7},"b":{},"_coverageSchema":"1a1c01bbd47fc00a2c39e90264f33305004495a9","hash":"63d27d709db89e950757db7bde64bf94aadfa8f0"}
}
